\BOOKMARK [1][-]{section.1}{\376\377\000I\000N\000T\000R\000O\000D\000U\000C\000T\000I\000O\000N}{}% 1
\BOOKMARK [1][-]{section.2}{\376\377\000I\000D\000E\000N\000T\000I\000F\000I\000C\000A\000T\000I\000O\000N\000\040\000O\000F\000\040\000P\000O\000L\000I\000C\000Y\000\040\000R\000A\000T\000E\000\040\000S\000U\000R\000P\000R\000I\000S\000E\000S}{}% 2
\BOOKMARK [2][-]{subsection.2.1}{\376\377\000M\000o\000n\000e\000t\000a\000r\000y\000\040\000P\000o\000l\000i\000c\000y\000\040\000i\000n\000\040\000M\000e\000x\000i\000c\000o}{section.2}% 3
\BOOKMARK [3][-]{subsubsection.2.1.1}{\376\377\000T\000i\000m\000i\000n\000g\000\040\000o\000f\000\040\000t\000h\000e\000\040\000A\000n\000n\000o\000u\000n\000c\000e\000m\000e\000n\000t\000s}{subsection.2.1}% 4
\BOOKMARK [2][-]{subsection.2.2}{\376\377\000M\000e\000a\000s\000u\000r\000i\000n\000g\000\040\000P\000o\000l\000i\000c\000y\000\040\000R\000a\000t\000e\000\040\000S\000u\000r\000p\000r\000i\000s\000e\000s}{section.2}% 5
\BOOKMARK [3][-]{subsubsection.2.2.1}{\376\377\000A\000\040\000D\000a\000t\000a\000s\000e\000t\000\040\000o\000f\000\040\000A\000s\000s\000e\000t\000\040\000P\000r\000i\000c\000e\000\040\000C\000h\000a\000n\000g\000e\000s}{subsection.2.2}% 6
\BOOKMARK [1][-]{section.3}{\376\377\000T\000H\000E\000\040\000I\000M\000P\000A\000C\000T\000\040\000O\000F\000\040\000M\000O\000N\000E\000T\000A\000R\000Y\000\040\000P\000O\000L\000I\000C\000Y\000\040\000O\000N\000\040\000T\000H\000E\000\040\000E\000X\000C\000H\000A\000N\000G\000E\000\040\000R\000A\000T\000E}{}% 7
\BOOKMARK [2][-]{subsection.3.1}{\376\377\000M\000e\000t\000h\000o\000d\000o\000l\000o\000g\000y}{section.3}% 8
\BOOKMARK [2][-]{subsection.3.2}{\376\377\000R\000e\000s\000u\000l\000t\000s}{section.3}% 9
\BOOKMARK [3][-]{subsubsection.3.2.1}{\376\377\000I\000n\000t\000r\000a\000d\000a\000y\000\040\000D\000a\000t\000a}{subsection.3.2}% 10
\BOOKMARK [3][-]{subsubsection.3.2.2}{\376\377\000D\000a\000i\000l\000y\000\040\000D\000a\000t\000a}{subsection.3.2}% 11
\BOOKMARK [3][-]{subsubsection.3.2.3}{\376\377\000P\000e\000r\000s\000i\000s\000t\000e\000n\000c\000e}{subsection.3.2}% 12
\BOOKMARK [1][-]{section.4}{\376\377\000S\000O\000L\000V\000I\000N\000G\000\040\000T\000H\000E\000\040\000K\000O\000H\000L\000S\000C\000H\000E\000E\000N\000\040\000\050\0002\0000\0001\0004\000\051\000\040\000P\000U\000Z\000Z\000L\000E}{}% 13
\BOOKMARK [2][-]{subsection.4.1}{\376\377\000V\000a\000l\000i\000d\000a\000t\000i\000o\000n\000\040\000S\000t\000u\000d\000y}{section.4}% 14
\BOOKMARK [2][-]{subsection.4.2}{\376\377\000W\000h\000y\000\040\000N\000o\000i\000s\000e\000\040\000i\000n\000\040\000E\000x\000c\000h\000a\000n\000g\000e\000\040\000R\000a\000t\000e\000\040\000R\000e\000t\000u\000r\000n\000s\000\040\000E\000x\000p\000l\000a\000i\000n\000s\000\040\000t\000h\000e\000\040\000P\000u\000z\000z\000l\000e\000?}{section.4}% 15
\BOOKMARK [2][-]{subsection.4.3}{\376\377\000P\000o\000t\000e\000n\000t\000i\000a\000l\000\040\000O\000m\000i\000t\000t\000e\000d\000\040\000V\000a\000r\000i\000a\000b\000l\000e\000s}{section.4}% 16
\BOOKMARK [1][-]{section.5}{\376\377\000C\000O\000N\000C\000L\000U\000D\000I\000N\000G\000\040\000R\000E\000M\000A\000R\000K\000S}{}% 17
\BOOKMARK [1][-]{appendix.1.A}{\376\377\000C\000A\000L\000E\000N\000D\000A\000R\000\040\000O\000F\000\040\000M\000O\000N\000E\000T\000A\000R\000Y\000\040\000P\000O\000L\000I\000C\000Y\000\040\000A\000N\000N\000O\000U\000N\000C\000E\000M\000E\000N\000T\000S}{}% 18
\BOOKMARK [1][-]{appendix.1.B}{\376\377\000E\000X\000C\000L\000U\000S\000I\000O\000N\000\040\000O\000F\000\040\000E\000X\000T\000R\000A\000O\000R\000D\000I\000N\000A\000R\000Y\000\040\000M\000E\000E\000T\000I\000N\000G\000S}{}% 19
\BOOKMARK [1][-]{appendix.1.C}{\376\377\000T\000I\000I\000E\0002\0008\000D\000-\000B\000A\000S\000E\000D\000\040\000P\000O\000L\000I\000C\000Y\000\040\000R\000A\000T\000E\000\040\000S\000U\000R\000P\000R\000I\000S\000E\000S}{}% 20
\BOOKMARK [1][-]{appendix.1.D}{\376\377\000T\000H\000E\000\040\000I\000M\000P\000A\000C\000T\000\040\000O\000F\000\040\000M\000O\000N\000E\000T\000A\000R\000Y\000\040\000P\000O\000L\000I\000C\000Y\000\040\000O\000N\000\040\000T\000H\000E\000\040\000Y\000I\000E\000L\000D\000\040\000C\000U\000R\000V\000E}{}% 21
\BOOKMARK [1][-]{appendix.1.E}{\376\377\000D\000E\000R\000I\000V\000A\000T\000I\000O\000N\000\040\000O\000F\000\040\000I\000N\000C\000O\000N\000S\000I\000S\000T\000E\000N\000C\000Y\000\040\000I\000N\000\040\000S\000L\000O\000P\000E\000\040\000E\000S\000T\000I\000M\000A\000T\000O\000R\000\040\000D\000U\000E\000\040\000T\000O\000\040\000M\000E\000A\000S\000U\000R\000E\000M\000E\000N\000T\000\040\000E\000R\000R\000O\000R\000\040\000I\000N\000\040\000D\000E\000P\000E\000N\000D\000E\000N\000T\000\040\000V\000A\000R\000I\000A\000B\000L\000E}{}% 22
\BOOKMARK [1][-]{appendix.1.F}{\376\377\000S\000u\000p\000p\000l\000e\000m\000e\000n\000t\000a\000r\000y\000\040\000T\000a\000b\000l\000e}{}% 23
